  Delete.cpp
  Heap.cpp
D:\Programming\Visual studio\heap Visualization\DSProject\DSProject\Insert.h(852,39): warning C4244: 'argument': conversion from '__int64' to 'int', possible loss of data
  (compiling source file 'Heap.cpp')
  
D:\Programming\Visual studio\heap Visualization\DSProject\DSProject\Insert.h(859,39): warning C4244: 'argument': conversion from '__int64' to 'int', possible loss of data
  (compiling source file 'Heap.cpp')
  
D:\Programming\Visual studio\heap Visualization\DSProject\DSProject\Insert.h(865,39): warning C4244: 'argument': conversion from '__int64' to 'int', possible loss of data
  (compiling source file 'Heap.cpp')
  
D:\Programming\Visual studio\heap Visualization\DSProject\DSProject\Insert.h(871,39): warning C4244: 'argument': conversion from '__int64' to 'int', possible loss of data
  (compiling source file 'Heap.cpp')
  
D:\Programming\Visual studio\heap Visualization\DSProject\DSProject\Insert.h(877,39): warning C4244: 'argument': conversion from '__int64' to 'int', possible loss of data
  (compiling source file 'Heap.cpp')
  
D:\Programming\Visual studio\heap Visualization\DSProject\DSProject\Insert.h(883,39): warning C4244: 'argument': conversion from '__int64' to 'int', possible loss of data
  (compiling source file 'Heap.cpp')
  
D:\Programming\Visual studio\heap Visualization\DSProject\DSProject\Insert.h(889,39): warning C4244: 'argument': conversion from '__int64' to 'int', possible loss of data
  (compiling source file 'Heap.cpp')
  
D:\Programming\Visual studio\heap Visualization\DSProject\DSProject\Insert.h(895,39): warning C4244: 'argument': conversion from '__int64' to 'int', possible loss of data
  (compiling source file 'Heap.cpp')
  
D:\Programming\Visual studio\heap Visualization\DSProject\DSProject\Insert.h(901,39): warning C4244: 'argument': conversion from '__int64' to 'int', possible loss of data
  (compiling source file 'Heap.cpp')
  
D:\Programming\Visual studio\heap Visualization\DSProject\DSProject\Insert.h(908,39): warning C4244: 'argument': conversion from '__int64' to 'int', possible loss of data
  (compiling source file 'Heap.cpp')
  
D:\Programming\Visual studio\heap Visualization\DSProject\DSProject\Insert.h(914,39): warning C4244: 'argument': conversion from '__int64' to 'int', possible loss of data
  (compiling source file 'Heap.cpp')
  
D:\Programming\Visual studio\heap Visualization\DSProject\DSProject\Insert.h(920,39): warning C4244: 'argument': conversion from '__int64' to 'int', possible loss of data
  (compiling source file 'Heap.cpp')
  
D:\Programming\Visual studio\heap Visualization\DSProject\DSProject\Insert.h(926,39): warning C4244: 'argument': conversion from '__int64' to 'int', possible loss of data
  (compiling source file 'Heap.cpp')
  
D:\Programming\Visual studio\heap Visualization\DSProject\DSProject\Insert.h(932,39): warning C4244: 'argument': conversion from '__int64' to 'int', possible loss of data
  (compiling source file 'Heap.cpp')
  
D:\Programming\Visual studio\heap Visualization\DSProject\DSProject\Insert.h(938,39): warning C4244: 'argument': conversion from '__int64' to 'int', possible loss of data
  (compiling source file 'Heap.cpp')
  
D:\Programming\Visual studio\heap Visualization\DSProject\DSProject\Insert.h(944,39): warning C4244: 'argument': conversion from '__int64' to 'int', possible loss of data
  (compiling source file 'Heap.cpp')
  
D:\Programming\Visual studio\heap Visualization\DSProject\DSProject\Insert.h(950,39): warning C4244: 'argument': conversion from '__int64' to 'int', possible loss of data
  (compiling source file 'Heap.cpp')
  
D:\Programming\Visual studio\heap Visualization\DSProject\DSProject\Insert.h(956,39): warning C4244: 'argument': conversion from '__int64' to 'int', possible loss of data
  (compiling source file 'Heap.cpp')
  
D:\Programming\Visual studio\heap Visualization\DSProject\DSProject\Insert.h(962,39): warning C4244: 'argument': conversion from '__int64' to 'int', possible loss of data
  (compiling source file 'Heap.cpp')
  
D:\Programming\Visual studio\heap Visualization\DSProject\DSProject\Insert.h(968,39): warning C4244: 'argument': conversion from '__int64' to 'int', possible loss of data
  (compiling source file 'Heap.cpp')
  
D:\Programming\Visual studio\heap Visualization\DSProject\DSProject\Insert.h(974,39): warning C4244: 'argument': conversion from '__int64' to 'int', possible loss of data
  (compiling source file 'Heap.cpp')
  
D:\Programming\Visual studio\heap Visualization\DSProject\DSProject\Insert.h(980,39): warning C4244: 'argument': conversion from '__int64' to 'int', possible loss of data
  (compiling source file 'Heap.cpp')
  
D:\Programming\Visual studio\heap Visualization\DSProject\DSProject\Insert.h(986,39): warning C4244: 'argument': conversion from '__int64' to 'int', possible loss of data
  (compiling source file 'Heap.cpp')
  
D:\Programming\Visual studio\heap Visualization\DSProject\DSProject\Insert.h(992,39): warning C4244: 'argument': conversion from '__int64' to 'int', possible loss of data
  (compiling source file 'Heap.cpp')
  
D:\Programming\Visual studio\heap Visualization\DSProject\DSProject\Insert.h(998,39): warning C4244: 'argument': conversion from '__int64' to 'int', possible loss of data
  (compiling source file 'Heap.cpp')
  
D:\Programming\Visual studio\heap Visualization\DSProject\DSProject\Insert.h(1004,39): warning C4244: 'argument': conversion from '__int64' to 'int', possible loss of data
  (compiling source file 'Heap.cpp')
  
D:\Programming\Visual studio\heap Visualization\DSProject\DSProject\Insert.h(1010,39): warning C4244: 'argument': conversion from '__int64' to 'int', possible loss of data
  (compiling source file 'Heap.cpp')
  
D:\Programming\Visual studio\heap Visualization\DSProject\DSProject\Insert.h(1016,39): warning C4244: 'argument': conversion from '__int64' to 'int', possible loss of data
  (compiling source file 'Heap.cpp')
  
D:\Programming\Visual studio\heap Visualization\DSProject\DSProject\Insert.h(1022,39): warning C4244: 'argument': conversion from '__int64' to 'int', possible loss of data
  (compiling source file 'Heap.cpp')
  
D:\Programming\Visual studio\heap Visualization\DSProject\DSProject\Insert.h(1028,39): warning C4244: 'argument': conversion from '__int64' to 'int', possible loss of data
  (compiling source file 'Heap.cpp')
  
D:\Programming\Visual studio\heap Visualization\DSProject\DSProject\Insert.h(1034,39): warning C4244: 'argument': conversion from '__int64' to 'int', possible loss of data
  (compiling source file 'Heap.cpp')
  
  Home.cpp
D:\Programming\Visual studio\heap Visualization\DSProject\DSProject\Insert.h(852,39): warning C4244: 'argument': conversion from '__int64' to 'int', possible loss of data
  (compiling source file 'Home.cpp')
  
D:\Programming\Visual studio\heap Visualization\DSProject\DSProject\Insert.h(859,39): warning C4244: 'argument': conversion from '__int64' to 'int', possible loss of data
  (compiling source file 'Home.cpp')
  
D:\Programming\Visual studio\heap Visualization\DSProject\DSProject\Insert.h(865,39): warning C4244: 'argument': conversion from '__int64' to 'int', possible loss of data
  (compiling source file 'Home.cpp')
  
D:\Programming\Visual studio\heap Visualization\DSProject\DSProject\Insert.h(871,39): warning C4244: 'argument': conversion from '__int64' to 'int', possible loss of data
  (compiling source file 'Home.cpp')
  
D:\Programming\Visual studio\heap Visualization\DSProject\DSProject\Insert.h(877,39): warning C4244: 'argument': conversion from '__int64' to 'int', possible loss of data
  (compiling source file 'Home.cpp')
  
D:\Programming\Visual studio\heap Visualization\DSProject\DSProject\Insert.h(883,39): warning C4244: 'argument': conversion from '__int64' to 'int', possible loss of data
  (compiling source file 'Home.cpp')
  
D:\Programming\Visual studio\heap Visualization\DSProject\DSProject\Insert.h(889,39): warning C4244: 'argument': conversion from '__int64' to 'int', possible loss of data
  (compiling source file 'Home.cpp')
  
D:\Programming\Visual studio\heap Visualization\DSProject\DSProject\Insert.h(895,39): warning C4244: 'argument': conversion from '__int64' to 'int', possible loss of data
  (compiling source file 'Home.cpp')
  
D:\Programming\Visual studio\heap Visualization\DSProject\DSProject\Insert.h(901,39): warning C4244: 'argument': conversion from '__int64' to 'int', possible loss of data
  (compiling source file 'Home.cpp')
  
D:\Programming\Visual studio\heap Visualization\DSProject\DSProject\Insert.h(908,39): warning C4244: 'argument': conversion from '__int64' to 'int', possible loss of data
  (compiling source file 'Home.cpp')
  
D:\Programming\Visual studio\heap Visualization\DSProject\DSProject\Insert.h(914,39): warning C4244: 'argument': conversion from '__int64' to 'int', possible loss of data
  (compiling source file 'Home.cpp')
  
D:\Programming\Visual studio\heap Visualization\DSProject\DSProject\Insert.h(920,39): warning C4244: 'argument': conversion from '__int64' to 'int', possible loss of data
  (compiling source file 'Home.cpp')
  
D:\Programming\Visual studio\heap Visualization\DSProject\DSProject\Insert.h(926,39): warning C4244: 'argument': conversion from '__int64' to 'int', possible loss of data
  (compiling source file 'Home.cpp')
  
D:\Programming\Visual studio\heap Visualization\DSProject\DSProject\Insert.h(932,39): warning C4244: 'argument': conversion from '__int64' to 'int', possible loss of data
  (compiling source file 'Home.cpp')
  
D:\Programming\Visual studio\heap Visualization\DSProject\DSProject\Insert.h(938,39): warning C4244: 'argument': conversion from '__int64' to 'int', possible loss of data
  (compiling source file 'Home.cpp')
  
D:\Programming\Visual studio\heap Visualization\DSProject\DSProject\Insert.h(944,39): warning C4244: 'argument': conversion from '__int64' to 'int', possible loss of data
  (compiling source file 'Home.cpp')
  
D:\Programming\Visual studio\heap Visualization\DSProject\DSProject\Insert.h(950,39): warning C4244: 'argument': conversion from '__int64' to 'int', possible loss of data
  (compiling source file 'Home.cpp')
  
D:\Programming\Visual studio\heap Visualization\DSProject\DSProject\Insert.h(956,39): warning C4244: 'argument': conversion from '__int64' to 'int', possible loss of data
  (compiling source file 'Home.cpp')
  
D:\Programming\Visual studio\heap Visualization\DSProject\DSProject\Insert.h(962,39): warning C4244: 'argument': conversion from '__int64' to 'int', possible loss of data
  (compiling source file 'Home.cpp')
  
D:\Programming\Visual studio\heap Visualization\DSProject\DSProject\Insert.h(968,39): warning C4244: 'argument': conversion from '__int64' to 'int', possible loss of data
  (compiling source file 'Home.cpp')
  
D:\Programming\Visual studio\heap Visualization\DSProject\DSProject\Insert.h(974,39): warning C4244: 'argument': conversion from '__int64' to 'int', possible loss of data
  (compiling source file 'Home.cpp')
  
D:\Programming\Visual studio\heap Visualization\DSProject\DSProject\Insert.h(980,39): warning C4244: 'argument': conversion from '__int64' to 'int', possible loss of data
  (compiling source file 'Home.cpp')
  
D:\Programming\Visual studio\heap Visualization\DSProject\DSProject\Insert.h(986,39): warning C4244: 'argument': conversion from '__int64' to 'int', possible loss of data
  (compiling source file 'Home.cpp')
  
D:\Programming\Visual studio\heap Visualization\DSProject\DSProject\Insert.h(992,39): warning C4244: 'argument': conversion from '__int64' to 'int', possible loss of data
  (compiling source file 'Home.cpp')
  
D:\Programming\Visual studio\heap Visualization\DSProject\DSProject\Insert.h(998,39): warning C4244: 'argument': conversion from '__int64' to 'int', possible loss of data
  (compiling source file 'Home.cpp')
  
D:\Programming\Visual studio\heap Visualization\DSProject\DSProject\Insert.h(1004,39): warning C4244: 'argument': conversion from '__int64' to 'int', possible loss of data
  (compiling source file 'Home.cpp')
  
D:\Programming\Visual studio\heap Visualization\DSProject\DSProject\Insert.h(1010,39): warning C4244: 'argument': conversion from '__int64' to 'int', possible loss of data
  (compiling source file 'Home.cpp')
  
D:\Programming\Visual studio\heap Visualization\DSProject\DSProject\Insert.h(1016,39): warning C4244: 'argument': conversion from '__int64' to 'int', possible loss of data
  (compiling source file 'Home.cpp')
  
D:\Programming\Visual studio\heap Visualization\DSProject\DSProject\Insert.h(1022,39): warning C4244: 'argument': conversion from '__int64' to 'int', possible loss of data
  (compiling source file 'Home.cpp')
  
D:\Programming\Visual studio\heap Visualization\DSProject\DSProject\Insert.h(1028,39): warning C4244: 'argument': conversion from '__int64' to 'int', possible loss of data
  (compiling source file 'Home.cpp')
  
D:\Programming\Visual studio\heap Visualization\DSProject\DSProject\Insert.h(1034,39): warning C4244: 'argument': conversion from '__int64' to 'int', possible loss of data
  (compiling source file 'Home.cpp')
  
D:\Programming\Visual studio\heap Visualization\DSProject\DSProject\Home.h(186,57): warning C4244: 'argument': conversion from '__int64' to 'int', possible loss of data
  (compiling source file 'Home.cpp')
  
  Insert.cpp
D:\Programming\Visual studio\heap Visualization\DSProject\DSProject\Insert.h(852,39): warning C4244: 'argument': conversion from '__int64' to 'int', possible loss of data
  (compiling source file 'Insert.cpp')
  
D:\Programming\Visual studio\heap Visualization\DSProject\DSProject\Insert.h(859,39): warning C4244: 'argument': conversion from '__int64' to 'int', possible loss of data
  (compiling source file 'Insert.cpp')
  
D:\Programming\Visual studio\heap Visualization\DSProject\DSProject\Insert.h(865,39): warning C4244: 'argument': conversion from '__int64' to 'int', possible loss of data
  (compiling source file 'Insert.cpp')
  
D:\Programming\Visual studio\heap Visualization\DSProject\DSProject\Insert.h(871,39): warning C4244: 'argument': conversion from '__int64' to 'int', possible loss of data
  (compiling source file 'Insert.cpp')
  
D:\Programming\Visual studio\heap Visualization\DSProject\DSProject\Insert.h(877,39): warning C4244: 'argument': conversion from '__int64' to 'int', possible loss of data
  (compiling source file 'Insert.cpp')
  
D:\Programming\Visual studio\heap Visualization\DSProject\DSProject\Insert.h(883,39): warning C4244: 'argument': conversion from '__int64' to 'int', possible loss of data
  (compiling source file 'Insert.cpp')
  
D:\Programming\Visual studio\heap Visualization\DSProject\DSProject\Insert.h(889,39): warning C4244: 'argument': conversion from '__int64' to 'int', possible loss of data
  (compiling source file 'Insert.cpp')
  
D:\Programming\Visual studio\heap Visualization\DSProject\DSProject\Insert.h(895,39): warning C4244: 'argument': conversion from '__int64' to 'int', possible loss of data
  (compiling source file 'Insert.cpp')
  
D:\Programming\Visual studio\heap Visualization\DSProject\DSProject\Insert.h(901,39): warning C4244: 'argument': conversion from '__int64' to 'int', possible loss of data
  (compiling source file 'Insert.cpp')
  
D:\Programming\Visual studio\heap Visualization\DSProject\DSProject\Insert.h(908,39): warning C4244: 'argument': conversion from '__int64' to 'int', possible loss of data
  (compiling source file 'Insert.cpp')
  
D:\Programming\Visual studio\heap Visualization\DSProject\DSProject\Insert.h(914,39): warning C4244: 'argument': conversion from '__int64' to 'int', possible loss of data
  (compiling source file 'Insert.cpp')
  
D:\Programming\Visual studio\heap Visualization\DSProject\DSProject\Insert.h(920,39): warning C4244: 'argument': conversion from '__int64' to 'int', possible loss of data
  (compiling source file 'Insert.cpp')
  
D:\Programming\Visual studio\heap Visualization\DSProject\DSProject\Insert.h(926,39): warning C4244: 'argument': conversion from '__int64' to 'int', possible loss of data
  (compiling source file 'Insert.cpp')
  
D:\Programming\Visual studio\heap Visualization\DSProject\DSProject\Insert.h(932,39): warning C4244: 'argument': conversion from '__int64' to 'int', possible loss of data
  (compiling source file 'Insert.cpp')
  
D:\Programming\Visual studio\heap Visualization\DSProject\DSProject\Insert.h(938,39): warning C4244: 'argument': conversion from '__int64' to 'int', possible loss of data
  (compiling source file 'Insert.cpp')
  
D:\Programming\Visual studio\heap Visualization\DSProject\DSProject\Insert.h(944,39): warning C4244: 'argument': conversion from '__int64' to 'int', possible loss of data
  (compiling source file 'Insert.cpp')
  
D:\Programming\Visual studio\heap Visualization\DSProject\DSProject\Insert.h(950,39): warning C4244: 'argument': conversion from '__int64' to 'int', possible loss of data
  (compiling source file 'Insert.cpp')
  
D:\Programming\Visual studio\heap Visualization\DSProject\DSProject\Insert.h(956,39): warning C4244: 'argument': conversion from '__int64' to 'int', possible loss of data
  (compiling source file 'Insert.cpp')
  
D:\Programming\Visual studio\heap Visualization\DSProject\DSProject\Insert.h(962,39): warning C4244: 'argument': conversion from '__int64' to 'int', possible loss of data
  (compiling source file 'Insert.cpp')
  
D:\Programming\Visual studio\heap Visualization\DSProject\DSProject\Insert.h(968,39): warning C4244: 'argument': conversion from '__int64' to 'int', possible loss of data
  (compiling source file 'Insert.cpp')
  
D:\Programming\Visual studio\heap Visualization\DSProject\DSProject\Insert.h(974,39): warning C4244: 'argument': conversion from '__int64' to 'int', possible loss of data
  (compiling source file 'Insert.cpp')
  
D:\Programming\Visual studio\heap Visualization\DSProject\DSProject\Insert.h(980,39): warning C4244: 'argument': conversion from '__int64' to 'int', possible loss of data
  (compiling source file 'Insert.cpp')
  
D:\Programming\Visual studio\heap Visualization\DSProject\DSProject\Insert.h(986,39): warning C4244: 'argument': conversion from '__int64' to 'int', possible loss of data
  (compiling source file 'Insert.cpp')
  
D:\Programming\Visual studio\heap Visualization\DSProject\DSProject\Insert.h(992,39): warning C4244: 'argument': conversion from '__int64' to 'int', possible loss of data
  (compiling source file 'Insert.cpp')
  
D:\Programming\Visual studio\heap Visualization\DSProject\DSProject\Insert.h(998,39): warning C4244: 'argument': conversion from '__int64' to 'int', possible loss of data
  (compiling source file 'Insert.cpp')
  
D:\Programming\Visual studio\heap Visualization\DSProject\DSProject\Insert.h(1004,39): warning C4244: 'argument': conversion from '__int64' to 'int', possible loss of data
  (compiling source file 'Insert.cpp')
  
D:\Programming\Visual studio\heap Visualization\DSProject\DSProject\Insert.h(1010,39): warning C4244: 'argument': conversion from '__int64' to 'int', possible loss of data
  (compiling source file 'Insert.cpp')
  
D:\Programming\Visual studio\heap Visualization\DSProject\DSProject\Insert.h(1016,39): warning C4244: 'argument': conversion from '__int64' to 'int', possible loss of data
  (compiling source file 'Insert.cpp')
  
D:\Programming\Visual studio\heap Visualization\DSProject\DSProject\Insert.h(1022,39): warning C4244: 'argument': conversion from '__int64' to 'int', possible loss of data
  (compiling source file 'Insert.cpp')
  
D:\Programming\Visual studio\heap Visualization\DSProject\DSProject\Insert.h(1028,39): warning C4244: 'argument': conversion from '__int64' to 'int', possible loss of data
  (compiling source file 'Insert.cpp')
  
D:\Programming\Visual studio\heap Visualization\DSProject\DSProject\Insert.h(1034,39): warning C4244: 'argument': conversion from '__int64' to 'int', possible loss of data
  (compiling source file 'Insert.cpp')
  
  Operations.cpp
D:\Programming\Visual studio\heap Visualization\DSProject\DSProject\Insert.h(852,39): warning C4244: 'argument': conversion from '__int64' to 'int', possible loss of data
  (compiling source file 'Operations.cpp')
  
D:\Programming\Visual studio\heap Visualization\DSProject\DSProject\Insert.h(859,39): warning C4244: 'argument': conversion from '__int64' to 'int', possible loss of data
  (compiling source file 'Operations.cpp')
  
D:\Programming\Visual studio\heap Visualization\DSProject\DSProject\Insert.h(865,39): warning C4244: 'argument': conversion from '__int64' to 'int', possible loss of data
  (compiling source file 'Operations.cpp')
  
D:\Programming\Visual studio\heap Visualization\DSProject\DSProject\Insert.h(871,39): warning C4244: 'argument': conversion from '__int64' to 'int', possible loss of data
  (compiling source file 'Operations.cpp')
  
D:\Programming\Visual studio\heap Visualization\DSProject\DSProject\Insert.h(877,39): warning C4244: 'argument': conversion from '__int64' to 'int', possible loss of data
  (compiling source file 'Operations.cpp')
  
D:\Programming\Visual studio\heap Visualization\DSProject\DSProject\Insert.h(883,39): warning C4244: 'argument': conversion from '__int64' to 'int', possible loss of data
  (compiling source file 'Operations.cpp')
  
D:\Programming\Visual studio\heap Visualization\DSProject\DSProject\Insert.h(889,39): warning C4244: 'argument': conversion from '__int64' to 'int', possible loss of data
  (compiling source file 'Operations.cpp')
  
D:\Programming\Visual studio\heap Visualization\DSProject\DSProject\Insert.h(895,39): warning C4244: 'argument': conversion from '__int64' to 'int', possible loss of data
  (compiling source file 'Operations.cpp')
  
D:\Programming\Visual studio\heap Visualization\DSProject\DSProject\Insert.h(901,39): warning C4244: 'argument': conversion from '__int64' to 'int', possible loss of data
  (compiling source file 'Operations.cpp')
  
D:\Programming\Visual studio\heap Visualization\DSProject\DSProject\Insert.h(908,39): warning C4244: 'argument': conversion from '__int64' to 'int', possible loss of data
  (compiling source file 'Operations.cpp')
  
D:\Programming\Visual studio\heap Visualization\DSProject\DSProject\Insert.h(914,39): warning C4244: 'argument': conversion from '__int64' to 'int', possible loss of data
  (compiling source file 'Operations.cpp')
  
D:\Programming\Visual studio\heap Visualization\DSProject\DSProject\Insert.h(920,39): warning C4244: 'argument': conversion from '__int64' to 'int', possible loss of data
  (compiling source file 'Operations.cpp')
  
D:\Programming\Visual studio\heap Visualization\DSProject\DSProject\Insert.h(926,39): warning C4244: 'argument': conversion from '__int64' to 'int', possible loss of data
  (compiling source file 'Operations.cpp')
  
D:\Programming\Visual studio\heap Visualization\DSProject\DSProject\Insert.h(932,39): warning C4244: 'argument': conversion from '__int64' to 'int', possible loss of data
  (compiling source file 'Operations.cpp')
  
D:\Programming\Visual studio\heap Visualization\DSProject\DSProject\Insert.h(938,39): warning C4244: 'argument': conversion from '__int64' to 'int', possible loss of data
  (compiling source file 'Operations.cpp')
  
D:\Programming\Visual studio\heap Visualization\DSProject\DSProject\Insert.h(944,39): warning C4244: 'argument': conversion from '__int64' to 'int', possible loss of data
  (compiling source file 'Operations.cpp')
  
D:\Programming\Visual studio\heap Visualization\DSProject\DSProject\Insert.h(950,39): warning C4244: 'argument': conversion from '__int64' to 'int', possible loss of data
  (compiling source file 'Operations.cpp')
  
D:\Programming\Visual studio\heap Visualization\DSProject\DSProject\Insert.h(956,39): warning C4244: 'argument': conversion from '__int64' to 'int', possible loss of data
  (compiling source file 'Operations.cpp')
  
D:\Programming\Visual studio\heap Visualization\DSProject\DSProject\Insert.h(962,39): warning C4244: 'argument': conversion from '__int64' to 'int', possible loss of data
  (compiling source file 'Operations.cpp')
  
D:\Programming\Visual studio\heap Visualization\DSProject\DSProject\Insert.h(968,39): warning C4244: 'argument': conversion from '__int64' to 'int', possible loss of data
  (compiling source file 'Operations.cpp')
  
D:\Programming\Visual studio\heap Visualization\DSProject\DSProject\Insert.h(974,39): warning C4244: 'argument': conversion from '__int64' to 'int', possible loss of data
  (compiling source file 'Operations.cpp')
  
D:\Programming\Visual studio\heap Visualization\DSProject\DSProject\Insert.h(980,39): warning C4244: 'argument': conversion from '__int64' to 'int', possible loss of data
  (compiling source file 'Operations.cpp')
  
D:\Programming\Visual studio\heap Visualization\DSProject\DSProject\Insert.h(986,39): warning C4244: 'argument': conversion from '__int64' to 'int', possible loss of data
  (compiling source file 'Operations.cpp')
  
D:\Programming\Visual studio\heap Visualization\DSProject\DSProject\Insert.h(992,39): warning C4244: 'argument': conversion from '__int64' to 'int', possible loss of data
  (compiling source file 'Operations.cpp')
  
D:\Programming\Visual studio\heap Visualization\DSProject\DSProject\Insert.h(998,39): warning C4244: 'argument': conversion from '__int64' to 'int', possible loss of data
  (compiling source file 'Operations.cpp')
  
D:\Programming\Visual studio\heap Visualization\DSProject\DSProject\Insert.h(1004,39): warning C4244: 'argument': conversion from '__int64' to 'int', possible loss of data
  (compiling source file 'Operations.cpp')
  
D:\Programming\Visual studio\heap Visualization\DSProject\DSProject\Insert.h(1010,39): warning C4244: 'argument': conversion from '__int64' to 'int', possible loss of data
  (compiling source file 'Operations.cpp')
  
D:\Programming\Visual studio\heap Visualization\DSProject\DSProject\Insert.h(1016,39): warning C4244: 'argument': conversion from '__int64' to 'int', possible loss of data
  (compiling source file 'Operations.cpp')
  
D:\Programming\Visual studio\heap Visualization\DSProject\DSProject\Insert.h(1022,39): warning C4244: 'argument': conversion from '__int64' to 'int', possible loss of data
  (compiling source file 'Operations.cpp')
  
D:\Programming\Visual studio\heap Visualization\DSProject\DSProject\Insert.h(1028,39): warning C4244: 'argument': conversion from '__int64' to 'int', possible loss of data
  (compiling source file 'Operations.cpp')
  
D:\Programming\Visual studio\heap Visualization\DSProject\DSProject\Insert.h(1034,39): warning C4244: 'argument': conversion from '__int64' to 'int', possible loss of data
  (compiling source file 'Operations.cpp')
  
  .NETFramework,Version=v4.8.AssemblyAttributes.cpp
  Generating Code...
  Delete.obj : MSIL module encountered; incremental linking is disabled for MSIL; performing full link
  DSProject.vcxproj -> D:\Programming\Visual studio\heap Visualization\DSProject\Debug\DSProject.exe
